2025-06-22 18:31:27 | DEBUG    | StealthMaster | Loading configuration from config.yaml
2025-06-22 18:31:27 | INFO     | StealthMaster | Configuration loaded successfully
2025-06-22 18:31:27 | WARNING  | StealthMaster.Notifications | No notification channels configured
2025-06-22 18:31:27 | INFO     | StealthMaster | StealthMaster initialized for ronaldhoogenberg@hotmail.com
2025-06-22 18:31:27 | DEBUG    | StealthMaster | Target URL: https://www.fansale.it/fansale/tickets/all/bruce-springsteen/458554/17844388
2025-06-22 18:31:27 | DEBUG    | StealthMaster | Max tickets: 4
2025-06-22 18:31:27 | INFO     | StealthMaster | ðŸš€ StealthMaster starting...
2025-06-22 18:31:27 | INFO     | StealthMaster | Creating stealth Chrome driver...
2025-06-22 18:31:27 | DEBUG    | StealthMaster | Creating proxy authentication extension...
2025-06-22 18:31:27 | DEBUG    | StealthMaster | Proxy extension created at: /var/folders/_z/1s23zc196pv7w_gjjrnbmms40000gn/T/proxy_auth_54857.zip
2025-06-22 18:31:27 | INFO     | StealthMaster | Proxy authentication extension loaded
2025-06-22 18:31:30 | INFO     | StealthMaster | Cleaning up...
2025-06-22 18:31:30 | INFO     | StealthMaster | ðŸ“Š Final Statistics:
2025-06-22 18:31:30 | INFO     | StealthMaster |    Checks performed: 0
2025-06-22 18:31:30 | INFO     | StealthMaster |    Tickets reserved: 0
2025-06-22 18:31:30 | INFO     | StealthMaster |    Last success: Never
2025-06-22 18:31:30 | ERROR    | StealthMaster | Fatal error: Message: invalid argument: cannot parse capability: goog:chromeOptions
from invalid argument: unrecognized chrome option: excludeSwitches
Stacktrace:
0   undetected_chromedriver             0x0000000104a0e358 undetected_chromedriver + 6136664
1   undetected_chromedriver             0x0000000104a05aba undetected_chromedriver + 6101690
2   undetected_chromedriver             0x000000010449a380 undetected_chromedriver + 418688
3   undetected_chromedriver             0x00000001044c71a8 undetected_chromedriver + 602536
4   undetected_chromedriver             0x00000001044c88e5 undetected_chromedriver + 608485
5   undetected_chromedriver             0x00000001044c3981 undetected_chromedriver + 588161
6   undetected_chromedriver             0x000000010451ee3c undetected_chromedriver + 962108
7   undetected_chromedriver             0x000000010451e77e undetected_chromedriver + 960382
8   undetected_chromedriver             0x0000000104520413 undetected_chromedriver + 967699
9   undetected_chromedriver             0x00000001045201c6 undetected_chromedriver + 967110
10  undetected_chromedriver             0x0000000104511fc3 undetected_chromedriver + 909251
11  undetected_chromedriver             0x00000001044de217 undetected_chromedriver + 696855
12  undetected_chromedriver             0x00000001044dee81 undetected_chromedriver + 700033
13  undetected_chromedriver             0x00000001049cc220 undetected_chromedriver + 5866016
14  undetected_chromedriver             0x00000001049d018f undetected_chromedriver + 5882255
15  undetected_chromedriver             0x00000001049a75c2 undetected_chromedriver + 5715394
16  undetected_chromedriver             0x00000001049d0aef undetected_chromedriver + 5884655
17  undetected_chromedriver             0x0000000104995d84 undetected_chromedriver + 5643652
18  undetected_chromedriver             0x00000001049f32b8 undetected_chromedriver + 6025912
19  undetected_chromedriver             0x00000001049f3480 undetected_chromedriver + 6026368
20  undetected_chromedriver             0x0000000104a05681 undetected_chromedriver + 6100609
21  libsystem_pthread.dylib             0x00007ff80326adf1 _pthread_start + 99
22  libsystem_pthread.dylib             0x00007ff803266857 thread_start + 15

2025-06-22 18:31:30 | DEBUG    | StealthMaster | Traceback (most recent call last):
  File "/Users/macbookpro_ronald/Documents/Personal/Projects/stealthmaster/stealthmaster.py", line 1290, in main
    bot.run()
    ~~~~~~~^^
  File "/Users/macbookpro_ronald/Documents/Personal/Projects/stealthmaster/stealthmaster.py", line 201, in run
    self.create_driver()
    ~~~~~~~~~~~~~~~~~~^^
  File "/Users/macbookpro_ronald/Documents/Personal/Projects/stealthmaster/stealthmaster.py", line 378, in create_driver
    self.driver = uc.Chrome(options=options)
                  ~~~~~~~~~^^^^^^^^^^^^^^^^^
  File "/Users/macbookpro_ronald/Documents/Personal/Projects/stealthmaster/venv/lib/python3.13/site-packages/undetected_chromedriver/__init__.py", line 466, in __init__
    super(Chrome, self).__init__(
    ~~~~~~~~~~~~~~~~~~~~~~~~~~~~^
        service=service,
        ^^^^^^^^^^^^^^^^
        options=options,
        ^^^^^^^^^^^^^^^^
        keep_alive=keep_alive,
        ^^^^^^^^^^^^^^^^^^^^^^
    )
    ^
  File "/Users/macbookpro_ronald/Documents/Personal/Projects/stealthmaster/venv/lib/python3.13/site-packages/selenium/webdriver/chrome/webdriver.py", line 47, in __init__
    super().__init__(
    ~~~~~~~~~~~~~~~~^
        browser_name=DesiredCapabilities.CHROME["browserName"],
        ^^^^^^^^^^^^^^^^^^^^^^^^^^^^^^^^^^^^^^^^^^^^^^^^^^^^^^^
    ...<3 lines>...
        keep_alive=keep_alive,
        ^^^^^^^^^^^^^^^^^^^^^^
    )
    ^
  File "/Users/macbookpro_ronald/Documents/Personal/Projects/stealthmaster/venv/lib/python3.13/site-packages/selenium/webdriver/chromium/webdriver.py", line 69, in __init__
    super().__init__(command_executor=executor, options=options)
    ~~~~~~~~~~~~~~~~^^^^^^^^^^^^^^^^^^^^^^^^^^^^^^^^^^^^^^^^^^^^
  File "/Users/macbookpro_ronald/Documents/Personal/Projects/stealthmaster/venv/lib/python3.13/site-packages/selenium/webdriver/remote/webdriver.py", line 257, in __init__
    self.start_session(capabilities)
    ~~~~~~~~~~~~~~~~~~^^^^^^^^^^^^^^
  File "/Users/macbookpro_ronald/Documents/Personal/Projects/stealthmaster/venv/lib/python3.13/site-packages/undetected_chromedriver/__init__.py", line 724, in start_session
    super(selenium.webdriver.chrome.webdriver.WebDriver, self).start_session(
    ~~~~~~~~~~~~~~~~~~~~~~~~~~~~~~~~~~~~~~~~~~~~~~~~~~~~~~~~~~~~~~~~~~~~~~~~^
        capabilities
        ^^^^^^^^^^^^
    )
    ^
  File "/Users/macbookpro_ronald/Documents/Personal/Projects/stealthmaster/venv/lib/python3.13/site-packages/selenium/webdriver/remote/webdriver.py", line 356, in start_session
    response = self.execute(Command.NEW_SESSION, caps)["value"]
               ~~~~~~~~~~~~^^^^^^^^^^^^^^^^^^^^^^^^^^^
  File "/Users/macbookpro_ronald/Documents/Personal/Projects/stealthmaster/venv/lib/python3.13/site-packages/selenium/webdriver/remote/webdriver.py", line 447, in execute
    self.error_handler.check_response(response)
    ~~~~~~~~~~~~~~~~~~~~~~~~~~~~~~~~~^^^^^^^^^^
  File "/Users/macbookpro_ronald/Documents/Personal/Projects/stealthmaster/venv/lib/python3.13/site-packages/selenium/webdriver/remote/errorhandler.py", line 232, in check_response
    raise exception_class(message, screen, stacktrace)
selenium.common.exceptions.InvalidArgumentException: Message: invalid argument: cannot parse capability: goog:chromeOptions
from invalid argument: unrecognized chrome option: excludeSwitches
Stacktrace:
0   undetected_chromedriver             0x0000000104a0e358 undetected_chromedriver + 6136664
1   undetected_chromedriver             0x0000000104a05aba undetected_chromedriver + 6101690
2   undetected_chromedriver             0x000000010449a380 undetected_chromedriver + 418688
3   undetected_chromedriver             0x00000001044c71a8 undetected_chromedriver + 602536
4   undetected_chromedriver             0x00000001044c88e5 undetected_chromedriver + 608485
5   undetected_chromedriver             0x00000001044c3981 undetected_chromedriver + 588161
6   undetected_chromedriver             0x000000010451ee3c undetected_chromedriver + 962108
7   undetected_chromedriver             0x000000010451e77e undetected_chromedriver + 960382
8   undetected_chromedriver             0x0000000104520413 undetected_chromedriver + 967699
9   undetected_chromedriver             0x00000001045201c6 undetected_chromedriver + 967110
10  undetected_chromedriver             0x0000000104511fc3 undetected_chromedriver + 909251
11  undetected_chromedriver             0x00000001044de217 undetected_chromedriver + 696855
12  undetected_chromedriver             0x00000001044dee81 undetected_chromedriver + 700033
13  undetected_chromedriver             0x00000001049cc220 undetected_chromedriver + 5866016
14  undetected_chromedriver             0x00000001049d018f undetected_chromedriver + 5882255
15  undetected_chromedriver             0x00000001049a75c2 undetected_chromedriver + 5715394
16  undetected_chromedriver             0x00000001049d0aef undetected_chromedriver + 5884655
17  undetected_chromedriver             0x0000000104995d84 undetected_chromedriver + 5643652
18  undetected_chromedriver             0x00000001049f32b8 undetected_chromedriver + 6025912
19  undetected_chromedriver             0x00000001049f3480 undetected_chromedriver + 6026368
20  undetected_chromedriver             0x0000000104a05681 undetected_chromedriver + 6100609
21  libsystem_pthread.dylib             0x00007ff80326adf1 _pthread_start + 99
22  libsystem_pthread.dylib             0x00007ff803266857 thread_start + 15


